[0106/154617:ERROR:proxy_service_factory.cc(105)] Cannot use V8 Proxy resolver in single process mode.
[0106/154617:ERROR:command_buffer_proxy_impl.cc(156)] Failed to initialize command buffer service.
[0106/154617:ERROR:webgraphicscontext3d_command_buffer_impl.cc(394)] CommandBufferProxy::Initialize failed.
[0106/154617:ERROR:webgraphicscontext3d_command_buffer_impl.cc(413)] Failed to initialize command buffer.
[0106/154617:ERROR:command_buffer_proxy_impl.cc(156)] Failed to initialize command buffer service.
[0106/154617:ERROR:webgraphicscontext3d_command_buffer_impl.cc(394)] CommandBufferProxy::Initialize failed.
[0106/154617:ERROR:webgraphicscontext3d_command_buffer_impl.cc(413)] Failed to initialize command buffer.
[0106/154617:ERROR:command_buffer_proxy_impl.cc(156)] Failed to initialize command buffer service.
[0106/154617:ERROR:webgraphicscontext3d_command_buffer_impl.cc(394)] CommandBufferProxy::Initialize failed.
[0106/154617:ERROR:webgraphicscontext3d_command_buffer_impl.cc(413)] Failed to initialize command buffer.
[0106/154617:ERROR:command_buffer_proxy_impl.cc(156)] Failed to initialize command buffer service.
[0106/154617:ERROR:webgraphicscontext3d_command_buffer_impl.cc(394)] CommandBufferProxy::Initialize failed.
[0106/154617:ERROR:webgraphicscontext3d_command_buffer_impl.cc(413)] Failed to initialize command buffer.
[0106/154617:ERROR:command_buffer_proxy_impl.cc(156)] Failed to initialize command buffer service.
[0106/154617:ERROR:webgraphicscontext3d_command_buffer_impl.cc(394)] CommandBufferProxy::Initialize failed.
[0106/154617:ERROR:webgraphicscontext3d_command_buffer_impl.cc(413)] Failed to initialize command buffer.
[0106/154617:ERROR:command_buffer_proxy_impl.cc(156)] Failed to initialize command buffer service.
[0106/154617:ERROR:webgraphicscontext3d_command_buffer_impl.cc(394)] CommandBufferProxy::Initialize failed.
[0106/154617:ERROR:webgraphicscontext3d_command_buffer_impl.cc(413)] Failed to initialize command buffer.
[0106/154617:ERROR:command_buffer_proxy_impl.cc(156)] Failed to initialize command buffer service.
[0106/154617:ERROR:webgraphicscontext3d_command_buffer_impl.cc(394)] CommandBufferProxy::Initialize failed.
[0106/154617:ERROR:webgraphicscontext3d_command_buffer_impl.cc(413)] Failed to initialize command buffer.
[0106/154617:ERROR:command_buffer_proxy_impl.cc(156)] Failed to initialize command buffer service.
[0106/154617:ERROR:webgraphicscontext3d_command_buffer_impl.cc(394)] CommandBufferProxy::Initialize failed.
[0106/154617:ERROR:webgraphicscontext3d_command_buffer_impl.cc(413)] Failed to initialize command buffer.
[0106/154623:ERROR:ipc_channel_win.cc(405)] pipe error: 232
[0106/163928:ERROR:proxy_service_factory.cc(105)] Cannot use V8 Proxy resolver in single process mode.
[0106/163929:ERROR:command_buffer_proxy_impl.cc(156)] Failed to initialize command buffer service.
[0106/163929:ERROR:webgraphicscontext3d_command_buffer_impl.cc(394)] CommandBufferProxy::Initialize failed.
[0106/163929:ERROR:webgraphicscontext3d_command_buffer_impl.cc(413)] Failed to initialize command buffer.
[0106/163929:ERROR:command_buffer_proxy_impl.cc(156)] Failed to initialize command buffer service.
[0106/163929:ERROR:webgraphicscontext3d_command_buffer_impl.cc(394)] CommandBufferProxy::Initialize failed.
[0106/163929:ERROR:webgraphicscontext3d_command_buffer_impl.cc(413)] Failed to initialize command buffer.
[0106/163929:ERROR:command_buffer_proxy_impl.cc(156)] Failed to initialize command buffer service.
[0106/163929:ERROR:webgraphicscontext3d_command_buffer_impl.cc(394)] CommandBufferProxy::Initialize failed.
[0106/163929:ERROR:webgraphicscontext3d_command_buffer_impl.cc(413)] Failed to initialize command buffer.
[0106/163929:ERROR:command_buffer_proxy_impl.cc(156)] Failed to initialize command buffer service.
[0106/163929:ERROR:webgraphicscontext3d_command_buffer_impl.cc(394)] CommandBufferProxy::Initialize failed.
[0106/163929:ERROR:webgraphicscontext3d_command_buffer_impl.cc(413)] Failed to initialize command buffer.
[0106/163929:ERROR:command_buffer_proxy_impl.cc(156)] Failed to initialize command buffer service.
[0106/163929:ERROR:webgraphicscontext3d_command_buffer_impl.cc(394)] CommandBufferProxy::Initialize failed.
[0106/163929:ERROR:webgraphicscontext3d_command_buffer_impl.cc(413)] Failed to initialize command buffer.
[0106/163929:ERROR:command_buffer_proxy_impl.cc(156)] Failed to initialize command buffer service.
[0106/163929:ERROR:webgraphicscontext3d_command_buffer_impl.cc(394)] CommandBufferProxy::Initialize failed.
[0106/163929:ERROR:webgraphicscontext3d_command_buffer_impl.cc(413)] Failed to initialize command buffer.
[0106/163929:ERROR:command_buffer_proxy_impl.cc(156)] Failed to initialize command buffer service.
[0106/163929:ERROR:webgraphicscontext3d_command_buffer_impl.cc(394)] CommandBufferProxy::Initialize failed.
[0106/163929:ERROR:webgraphicscontext3d_command_buffer_impl.cc(413)] Failed to initialize command buffer.
[0106/163929:ERROR:command_buffer_proxy_impl.cc(156)] Failed to initialize command buffer service.
[0106/163929:ERROR:webgraphicscontext3d_command_buffer_impl.cc(394)] CommandBufferProxy::Initialize failed.
[0106/163929:ERROR:webgraphicscontext3d_command_buffer_impl.cc(413)] Failed to initialize command buffer.
[0106/163943:ERROR:ipc_channel_win.cc(405)] pipe error: 232
